Arguments: 
  /Users/drishammani/.nvm/versions/node/v18.12.0/bin/node /opt/homebrew/Cellar/yarn/1.22.17_2/libexec/bin/yarn.js add -D @babel-core babel-loader

PATH: 
  /Users/drishammani/.nvm/versions/node/v18.12.0/bin:/opt/homebrew/opt/node@16/bin:/opt/homebrew/opt/node@14/bin:/opt/homebrew/bin:/opt/homebrew/sbin:/usr/local/bin:/usr/bin:/bin:/usr/sbin:/sbin:~/.dotnet/tools:/Library/Apple/usr/bin:/Library/Frameworks/Mono.framework/Versions/Current/Commands:/Users/drishammani/.cargo/bin:/Users/drishammani/Library/Android/sdk/emulator:/Users/drishammani/Library/Android/sdk/tools:/Users/drishammani/Library/Android/sdk/tools/bin:/Users/drishammani/Library/Android/sdk/platform-tools

Yarn version: 
  1.22.17

Node version: 
  18.12.0

Platform: 
  darwin x64

Trace: 
  Error: https://registry.yarnpkg.com/@babel-core: Request "https://registry.yarnpkg.com/@babel-core" returned a 405
      at params.callback [as _callback] (/opt/homebrew/Cellar/yarn/1.22.17_2/libexec/lib/cli.js:67038:18)
      at self.callback (/opt/homebrew/Cellar/yarn/1.22.17_2/libexec/lib/cli.js:140883:22)
      at Request.emit (node:events:513:28)
      at Request.<anonymous> (/opt/homebrew/Cellar/yarn/1.22.17_2/libexec/lib/cli.js:141855:10)
      at Request.emit (node:events:513:28)
      at IncomingMessage.<anonymous> (/opt/homebrew/Cellar/yarn/1.22.17_2/libexec/lib/cli.js:141777:12)
      at Object.onceWrapper (node:events:627:28)
      at IncomingMessage.emit (node:events:525:35)
      at endReadableNT (node:internal/streams/readable:1359:12)
      at process.processTicksAndRejections (node:internal/process/task_queues:82:21)

npm manifest: 
  {
    "name": "ternoa-connect-react",
    "version": "0.1.0",
    "description": "This is a library for easily connecting Wallet Extensions on Ternoa dApps",
    "main": "index.ts",
    "author": "Dris Hammani",
    "license": "MIT",
    "private": false,
    "devDependencies": {
      "@rollup/plugin-node-resolve": "^15.0.1",
      "react": "^18.2.0",
      "rollup": "^3.9.0",
      "rollup-babel": "^0.6.3",
      "rollup-plugin-peer-deps-external": "^2.2.4"
    },
    "peerDependencies": {
      "react": "^18.2.0"
    }
  }

yarn manifest: 
  No manifest

Lockfile: 
  # THIS IS AN AUTOGENERATED FILE. DO NOT EDIT THIS FILE DIRECTLY.
  # yarn lockfile v1
  
  
  "@rollup/plugin-node-resolve@^15.0.1":
    version "15.0.1"
    resolved "https://registry.yarnpkg.com/@rollup/plugin-node-resolve/-/plugin-node-resolve-15.0.1.tgz#72be449b8e06f6367168d5b3cd5e2802e0248971"
    integrity sha512-ReY88T7JhJjeRVbfCyNj+NXAG3IIsVMsX9b5/9jC98dRP8/yxlZdz7mHZbHk5zHr24wZZICS5AcXsFZAXYUQEg==
    dependencies:
      "@rollup/pluginutils" "^5.0.1"
      "@types/resolve" "1.20.2"
      deepmerge "^4.2.2"
      is-builtin-module "^3.2.0"
      is-module "^1.0.0"
      resolve "^1.22.1"
  
  "@rollup/pluginutils@^5.0.1":
    version "5.0.2"
    resolved "https://registry.yarnpkg.com/@rollup/pluginutils/-/pluginutils-5.0.2.tgz#012b8f53c71e4f6f9cb317e311df1404f56e7a33"
    integrity sha512-pTd9rIsP92h+B6wWwFbW8RkZv4hiR/xKsqre4SIuAOaOEQRxi0lqLke9k2/7WegC85GgUs9pjmOjCUi3In4vwA==
    dependencies:
      "@types/estree" "^1.0.0"
      estree-walker "^2.0.2"
      picomatch "^2.3.1"
  
  "@types/estree@^1.0.0":
    version "1.0.0"
    resolved "https://registry.yarnpkg.com/@types/estree/-/estree-1.0.0.tgz#5fb2e536c1ae9bf35366eed879e827fa59ca41c2"
    integrity sha512-WulqXMDUTYAXCjZnk6JtIHPigp55cVtDgDrO2gHRwhyJto21+1zbVCtOYB2L1F9w4qCQ0rOGWBnBe0FNTiEJIQ==
  
  "@types/resolve@1.20.2":
    version "1.20.2"
    resolved "https://registry.yarnpkg.com/@types/resolve/-/resolve-1.20.2.tgz#97d26e00cd4a0423b4af620abecf3e6f442b7975"
    integrity sha512-60BCwRFOZCQhDncwQdxxeOEEkbc5dIMccYLwbxsS4TUNeVECQ/pBJ0j09mrHOl/JJvpRPGwO9SvE4nR2Nb/a4Q==
  
  acorn@^5.2.1:
    version "5.7.4"
    resolved "https://registry.yarnpkg.com/acorn/-/acorn-5.7.4.tgz#3e8d8a9947d0599a1796d10225d7432f4a4acf5e"
    integrity sha512-1D++VG7BhrtvQpNbBzovKNc1FLGGEE/oGe7b9xJm/RFHMBeUaUGpluV9RLjZa47YFdPcDAenEYuq9pQPcMdLJg==
  
  align-text@^0.1.1, align-text@^0.1.3:
    version "0.1.4"
    resolved "https://registry.yarnpkg.com/align-text/-/align-text-0.1.4.tgz#0cd90a561093f35d0a99256c22b7069433fad117"
    integrity sha512-GrTZLRpmp6wIC2ztrWW9MjjTgSKccffgFagbNDOX95/dcjEcYZibYTeaOntySQLcdw1ztBoFkviiUvTMbb9MYg==
    dependencies:
      kind-of "^3.0.2"
      longest "^1.0.1"
      repeat-string "^1.5.2"
  
  alter@~0.2.0:
    version "0.2.0"
    resolved "https://registry.yarnpkg.com/alter/-/alter-0.2.0.tgz#c7588808617572034aae62480af26b1d4d1cb3cd"
    integrity sha512-Wuss6JIZ6h4j2+NgU2t+9mSwS7gBSZJbU4Dg8xETguAD2veJUSuCrvTIiC78QgZE7/zX7h6OnXw2PiiCBirEGw==
    dependencies:
      stable "~0.1.3"
  
  amdefine@>=0.0.4:
    version "1.0.1"
    resolved "https://registry.yarnpkg.com/amdefine/-/amdefine-1.0.1.tgz#4a5282ac164729e93619bcfd3ad151f817ce91f5"
    integrity sha512-S2Hw0TtNkMJhIabBwIojKL9YHO5T0n5eNqWJ7Lrlel/zDbftQpxpapi8tZs3X1HWa+u+QeydGmzzNU0m09+Rcg==
  
  ansi-regex@^2.0.0:
    version "2.1.1"
    resolved "https://registry.yarnpkg.com/ansi-regex/-/ansi-regex-2.1.1.tgz#c3b33ab5ee360d86e0e628f0468ae7ef27d654df"
    integrity sha512-TIGnTpdo+E3+pCyAluZvtED5p5wCqLdezCyhPZzKPcxvFplEt4i+W7OONCKgeZFT3+y5NZZfOOS/Bdcanm1MYA==
  
  ansi-styles@^2.2.1:
    version "2.2.1"
    resolved "https://registry.yarnpkg.com/ansi-styles/-/ansi-styles-2.2.1.tgz#b432dd3358b634cf75e1e4664368240533c1ddbe"
    integrity sha512-kmCevFghRiWM7HB5zTPULl4r9bVFSWjz62MhqizDGUrq2NWuNMQyuv4tHHoKJHs69M/MF64lEcHdYIocrdWQYA==
  
  ast-traverse@~0.1.1:
    version "0.1.1"
    resolved "https://registry.yarnpkg.com/ast-traverse/-/ast-traverse-0.1.1.tgz#69cf2b8386f19dcda1bb1e05d68fe359d8897de6"
    integrity sha512-CPuE4BWIhJjsNMvFkrzjiBgOl56NJTuBPBkBqyRyfq/nZtx1Z1f5I+qx7G/Zt+FAOS+ABhghkEuWJrfW9Njjog==
  
  ast-types@0.8.12:
    version "0.8.12"
    resolved "https://registry.yarnpkg.com/ast-types/-/ast-types-0.8.12.tgz#a0d90e4351bb887716c83fd637ebf818af4adfcc"
    integrity sha512-rWhsoD0aHKpx+aKIP0Sf92bai1HC5iZcB1n/HCnkIMR8Bhx0gYRQySo062Y65ND4oRgcuxpLcPrcco09I1shpg==
  
  ast-types@0.8.15:
    version "0.8.15"
    resolved "https://registry.yarnpkg.com/ast-types/-/ast-types-0.8.15.tgz#8eef0827f04dff0ec8857ba925abe3fea6194e52"
    integrity sha512-8WsusRFHT6D2CpPTCLLLeIp4dN4pMEgmVX/jaSBsbMFObktStNdGOE1ZW4x8V/RABr1VtqruQgpabZyvzrrrww==
  
  ast-types@0.9.6:
    version "0.9.6"
    resolved "https://registry.yarnpkg.com/ast-types/-/ast-types-0.9.6.tgz#102c9e9e9005d3e7e3829bf0c4fa24ee862ee9b9"
    integrity sha512-qEdtR2UH78yyHX/AUNfXmJTlM48XoFZKBdwi1nzkI1mJL21cmbu0cvjxjpkXJ5NENMq42H+hNs8VLJcqXLerBQ==
  
  babel-core@^5.8.23:
    version "5.8.38"
    resolved "https://registry.yarnpkg.com/babel-core/-/babel-core-5.8.38.tgz#1fcaee79d7e61b750b00b8e54f6dfc9d0af86558"
    integrity sha512-aVoPuaEiJJ/vqFpYuGp3kHOrKeKciCkjDE/e9va3VoSPAe37Qc0+9AZ+gBgIMTu8V8reCt2lW809e8k1KJQdaQ==
    dependencies:
      babel-plugin-constant-folding "^1.0.1"
      babel-plugin-dead-code-elimination "^1.0.2"
      babel-plugin-eval "^1.0.1"
      babel-plugin-inline-environment-variables "^1.0.1"
      babel-plugin-jscript "^1.0.4"
      babel-plugin-member-expression-literals "^1.0.1"
      babel-plugin-property-literals "^1.0.1"
      babel-plugin-proto-to-assign "^1.0.3"
      babel-plugin-react-constant-elements "^1.0.3"
      babel-plugin-react-display-name "^1.0.3"
      babel-plugin-remove-console "^1.0.1"
      babel-plugin-remove-debugger "^1.0.1"
      babel-plugin-runtime "^1.0.7"
      babel-plugin-undeclared-variables-check "^1.0.2"
      babel-plugin-undefined-to-void "^1.1.6"
      babylon "^5.8.38"
      bluebird "^2.9.33"
      chalk "^1.0.0"
      convert-source-map "^1.1.0"
      core-js "^1.0.0"
      debug "^2.1.1"
      detect-indent "^3.0.0"
      esutils "^2.0.0"
      fs-readdir-recursive "^0.1.0"
      globals "^6.4.0"
      home-or-tmp "^1.0.0"
      is-integer "^1.0.4"
      js-tokens "1.0.1"
      json5 "^0.4.0"
      lodash "^3.10.0"
      minimatch "^2.0.3"
      output-file-sync "^1.1.0"
      path-exists "^1.0.0"
      path-is-absolute "^1.0.0"
      private "^0.1.6"
      regenerator "0.8.40"
      regexpu "^1.3.0"
      repeating "^1.1.2"
      resolve "^1.1.6"
      shebang-regex "^1.0.0"
      slash "^1.0.0"
      source-map "^0.5.0"
      source-map-support "^0.2.10"
      to-fast-properties "^1.0.0"
      trim-right "^1.0.0"
      try-resolve "^1.0.0"
  
  babel-plugin-constant-folding@^1.0.1:
    version "1.0.1"
    resolved "https://registry.yarnpkg.com/babel-plugin-constant-folding/-/babel-plugin-constant-folding-1.0.1.tgz#8361d364c98e449c3692bdba51eff0844290aa8e"
    integrity sha512-Rvhz9+o8/Bbqq6qTCO7FUPYxhrzqd/XkIY482DdYrXpFbhhqDu/xZZUd5/vYHV3oEE1poW+M10pjRZELDepwyQ==
  
  babel-plugin-dead-code-elimination@^1.0.2:
    version "1.0.2"
    resolved "https://registry.yarnpkg.com/babel-plugin-dead-code-elimination/-/babel-plugin-dead-code-elimination-1.0.2.tgz#5f7c451274dcd7cccdbfbb3e0b85dd28121f0f65"
    integrity sha512-wbVXBByKqaaIL3+3a9bRSLAL0GYhQWYmQCWTaGTXOsqqe1Jhi+qaj8/H+yQ5GMiJhvYEQiawzOCjCS1dmjvE5g==
  
  babel-plugin-eval@^1.0.1:
    version "1.0.1"
    resolved "https://registry.yarnpkg.com/babel-plugin-eval/-/babel-plugin-eval-1.0.1.tgz#a2faed25ce6be69ade4bfec263f70169195950da"
    integrity sha512-Yu9H5PbQKGVp/O/BFXUUbHVIUzBeZtEL+Yk+Io8ND4NobQYW8eg/ztToMkn+1/dQrQjaOeFtiBKtkYBwWLvFhw==
  
  babel-plugin-inline-environment-variables@^1.0.1:
    version "1.0.1"
    resolved "https://registry.yarnpkg.com/babel-plugin-inline-environment-variables/-/babel-plugin-inline-environment-variables-1.0.1.tgz#1f58ce91207ad6a826a8bf645fafe68ff5fe3ffe"
    integrity sha512-upNlt2GMmPkLMtJEQEqJB+Y1OeNs78W5+toLTYD/zotypPg0K2w79fFfmiee34ehvLwOZL7khxtkPU54IS1Kvw==
  
  babel-plugin-jscript@^1.0.4:
    version "1.0.4"
    resolved "https://registry.yarnpkg.com/babel-plugin-jscript/-/babel-plugin-jscript-1.0.4.tgz#8f342c38276e87a47d5fa0a8bd3d5eb6ccad8fcc"
    integrity sha512-eMT10ilWqWvBtGL70fFVciexOcjfPaeOHsyfp5OuumTFPSxla2kJTZuDzIpTbKspHVFyzCGxY6NpGJolfVywgQ==
  
  babel-plugin-member-expression-literals@^1.0.1:
    version "1.0.1"
    resolved "https://registry.yarnpkg.com/babel-plugin-member-expression-literals/-/babel-plugin-member-expression-literals-1.0.1.tgz#cc5edb0faa8dc927170e74d6d1c02440021624d3"
    integrity sha512-Ql/UCGOaA0nQP/9H0MfhFSn2U1m2mLsJFo76NDVBQry5uCDbF8++Uv4VyAtyQ8s6UHcoIKxepzRbZGl//X569w==
  
  babel-plugin-property-literals@^1.0.1:
    version "1.0.1"
    resolved "https://registry.yarnpkg.com/babel-plugin-property-literals/-/babel-plugin-property-literals-1.0.1.tgz#0252301900192980b1c118efea48ce93aab83336"
    integrity sha512-ZS1JuVJuo0j8IW2RRk8xA6MR/i14KIAhmDNHkipFn51uXe1S/hCH6u+V7TweF9aroT07F9PoxtENmuhFfVvq4g==
  
  babel-plugin-proto-to-assign@^1.0.3:
    version "1.0.4"
    resolved "https://registry.yarnpkg.com/babel-plugin-proto-to-assign/-/babel-plugin-proto-to-assign-1.0.4.tgz#c49e7afd02f577bc4da05ea2df002250cf7cd123"
    integrity sha512-VY0VnODP15n5ORbJNFIQ0lzewhf+XqkcwbA5UpeeJ96/wIFmbvHK8fNAJoddHUuxl6b5hZtygVdSs3qwPAa/0A==
    dependencies:
      lodash "^3.9.3"
  
  babel-plugin-react-constant-elements@^1.0.3:
    version "1.0.3"
    resolved "https://registry.yarnpkg.com/babel-plugin-react-constant-elements/-/babel-plugin-react-constant-elements-1.0.3.tgz#946736e8378429cbc349dcff62f51c143b34e35a"
    integrity sha512-5vv5DJ8NB5kKzjD5tqnkbm0znmKBzDDKFz82zJKn4hFxs1Vwk3WolLN8RypRzlDsddNQPLuDS/0xHq/u/J6i7w==
  
  babel-plugin-react-display-name@^1.0.3:
    version "1.0.3"
    resolved "https://registry.yarnpkg.com/babel-plugin-react-display-name/-/babel-plugin-react-display-name-1.0.3.tgz#754fe38926e8424a4e7b15ab6ea6139dee0514fc"
    integrity sha512-IMO+IEvFKzZgLbmO+lGcoPKeD+pBg48T9p+ZgMbKkXyFvHk1pKeHsnhjV45GRxVBQC+SLYkmG7EHbXDWxfThOA==
  
  babel-plugin-remove-console@^1.0.1:
    version "1.0.1"
    resolved "https://registry.yarnpkg.com/babel-plugin-remove-console/-/babel-plugin-remove-console-1.0.1.tgz#d8f24556c3a05005d42aaaafd27787f53ff013a7"
    integrity sha512-dNNqqYeRa0HpJbL+bXgSXeNnkgHbpLuU9o3040iyQjzHoTrIRUwltRWy1ZZgluuw/P0j1ukUOZsiudLLVRCmKw==
  
  babel-plugin-remove-debugger@^1.0.1:
    version "1.0.1"
    resolved "https://registry.yarnpkg.com/babel-plugin-remove-debugger/-/babel-plugin-remove-debugger-1.0.1.tgz#fd2ea3cd61a428ad1f3b9c89882ff4293e8c14c7"
    integrity sha512-/rGQc8sgCVpTEeWQhHZShzQjANqWxpwxPlY3RkG9keK5+NKdA2U6ukfC/cySoSa1XmFwM6NBO67QWuOGR/DHrg==
  
  babel-plugin-runtime@^1.0.7:
    version "1.0.7"
    resolved "https://registry.yarnpkg.com/babel-plugin-runtime/-/babel-plugin-runtime-1.0.7.tgz#bf7c7d966dd56ecd5c17fa1cb253c9acb7e54aaf"
    integrity sha512-tDVsSImhImOPIszO/6O4FhGW+o+PirMt53fkuBQ/plT41i2SRzTSnGvisrKtV/2jaAVSRnCiFwhN7v8dQ1Ymag==
  
  babel-plugin-undeclared-variables-check@^1.0.2:
    version "1.0.2"
    resolved "https://registry.yarnpkg.com/babel-plugin-undeclared-variables-check/-/babel-plugin-undeclared-variables-check-1.0.2.tgz#5cf1aa539d813ff64e99641290af620965f65dee"
    integrity sha512-NytRjvfh0DMsjUNaxOIROntf5c03PktIBQlTK6texdQZR7KhpeFxc2W8wGfF5LoJY13bHr2WnRY5xLZp6JXKOg==
    dependencies:
      leven "^1.0.2"
  
  babel-plugin-undefined-to-void@^1.1.6:
    version "1.1.6"
    resolved "https://registry.yarnpkg.com/babel-plugin-undefined-to-void/-/babel-plugin-undefined-to-void-1.1.6.tgz#7f578ef8b78dfae6003385d8417a61eda06e2f81"
    integrity sha512-YAi+mWX+Al08e6Isbv8g2UigZUoVnZuuF/JFmG5uAZKQ+6EYILBCFmS28BedM7Ts4QbAIpSqwXdMBzej+9tHUg==
  
  babylon@^5.8.38:
    version "5.8.38"
    resolved "https://registry.yarnpkg.com/babylon/-/babylon-5.8.38.tgz#ec9b120b11bf6ccd4173a18bf217e60b79859ffd"
    integrity sha512-jtLAtIWCbI17buqCVN4/DtuHf3N1w9ZvbwrTWIae+EBSu2N3sVGCwSJeiZdAkTH4KRwinfMQIyoovP/xZtRwXQ==
  
  balanced-match@^1.0.0:
    version "1.0.2"
    resolved "https://registry.yarnpkg.com/balanced-match/-/balanced-match-1.0.2.tgz#e83e3a7e3f300b34cb9d87f615fa0cbf357690ee"
    integrity sha512-3oSeUO0TMV67hN1AmbXsK4yaqU7tjiHlbxRDZOpH0KW9+CeX4bRAaX0Anxt0tx2MrpRpWwQaPwIlISEJhYU5Pw==
  
  bluebird@^2.9.33:
    version "2.11.0"
    resolved "https://registry.yarnpkg.com/bluebird/-/bluebird-2.11.0.tgz#534b9033c022c9579c56ba3b3e5a5caafbb650e1"
    integrity sha512-UfFSr22dmHPQqPP9XWHRhq+gWnHCYguQGkXQlbyPtW5qTnhFWA8/iXg765tH0cAjy7l/zPJ1aBTO0g5XgA7kvQ==
  
  brace-expansion@^1.0.0, brace-expansion@^1.1.7:
    version "1.1.11"
    resolved "https://registry.yarnpkg.com/brace-expansion/-/brace-expansion-1.1.11.tgz#3c7fcbf529d87226f3d2f52b966ff5271eb441dd"
    integrity sha512-iCuPHDFgrHX7H2vEI/5xpz07zSHB00TpugqhmYtVmMO6518mCuRMoOYFldEBl0g187ufozdaHgWKcYFb61qGiA==
    dependencies:
      balanced-match "^1.0.0"
      concat-map "0.0.1"
  
  breakable@~1.0.0:
    version "1.0.0"
    resolved "https://registry.yarnpkg.com/breakable/-/breakable-1.0.0.tgz#784a797915a38ead27bad456b5572cb4bbaa78c1"
    integrity sha512-+ityJqcjhozQNrezzTd2dtH/lkIXmE52HL+FohK2TOLQDl3QURTNkim+2C0xcso4Zehq/HM4Wkumcdz7Ue+XmA==
  
  builtin-modules@^3.3.0:
    version "3.3.0"
    resolved "https://registry.yarnpkg.com/builtin-modules/-/builtin-modules-3.3.0.tgz#cae62812b89801e9656336e46223e030386be7b6"
    integrity sha512-zhaCDicdLuWN5UbN5IMnFqNMhNfo919sH85y2/ea+5Yg9TsTkeZxpL+JLbp6cgYFS4sRLp3YV4S6yDuqVWHYOw==
  
  camelcase@^1.2.1:
    version "1.2.1"
    resolved "https://registry.yarnpkg.com/camelcase/-/camelcase-1.2.1.tgz#9bb5304d2e0b56698b2c758b08a3eaa9daa58a39"
    integrity sha512-wzLkDa4K/mzI1OSITC+DUyjgIl/ETNHE9QvYgy6J6Jvqyyz4C0Xfd+lQhb19sX2jMpZV4IssUn0VDVmglV+s4g==
  
  center-align@^0.1.1:
    version "0.1.3"
    resolved "https://registry.yarnpkg.com/center-align/-/center-align-0.1.3.tgz#aa0d32629b6ee972200411cbd4461c907bc2b7ad"
    integrity sha512-Baz3aNe2gd2LP2qk5U+sDk/m4oSuwSDcBfayTCTBoWpfIGO5XFxPmjILQII4NGiZjD6DoDI6kf7gKaxkf7s3VQ==
    dependencies:
      align-text "^0.1.3"
      lazy-cache "^1.0.3"
  
  chalk@^1.0.0, chalk@^1.1.1:
    version "1.1.3"
    resolved "https://registry.yarnpkg.com/chalk/-/chalk-1.1.3.tgz#a8115c55e4a702fe4d150abd3872822a7e09fc98"
    integrity sha512-U3lRVLMSlsCfjqYPbLyVv11M9CPW4I728d6TCKMAOJueEeB9/8o+eSsMnxPJD+Q+K909sdESg7C+tIkoH6on1A==
    dependencies:
      ansi-styles "^2.2.1"
      escape-string-regexp "^1.0.2"
      has-ansi "^2.0.0"
      strip-ansi "^3.0.0"
      supports-color "^2.0.0"
  
  cliui@^2.1.0:
    version "2.1.0"
    resolved "https://registry.yarnpkg.com/cliui/-/cliui-2.1.0.tgz#4b475760ff80264c762c3a1719032e91c7fea0d1"
    integrity sha512-GIOYRizG+TGoc7Wgc1LiOTLare95R3mzKgoln+Q/lE4ceiYH19gUpl0l0Ffq4lJDEf3FxujMe6IBfOCs7pfqNA==
    dependencies:
      center-align "^0.1.1"
      right-align "^0.1.1"
      wordwrap "0.0.2"
  
  commander@^2.5.0:
    version "2.20.3"
    resolved "https://registry.yarnpkg.com/commander/-/commander-2.20.3.tgz#fd485e84c03eb4881c20722ba48035e8531aeb33"
    integrity sha512-GpVkmM8vF2vQUkj2LvZmD35JxeJOLCwJ9cUkugyk2nuhbv3+mJvpLYYt+0+USMxE+oj+ey/lJEnhZw75x/OMcQ==
  
  commoner@~0.10.3:
    version "0.10.8"
    resolved "https://registry.yarnpkg.com/commoner/-/commoner-0.10.8.tgz#34fc3672cd24393e8bb47e70caa0293811f4f2c5"
    integrity sha512-3/qHkNMM6o/KGXHITA14y78PcfmXh4+AOCJpSoF73h4VY1JpdGv3CHMS5+JW6SwLhfJt4RhNmLAa7+RRX/62EQ==
    dependencies:
      commander "^2.5.0"
      detective "^4.3.1"
      glob "^5.0.15"
      graceful-fs "^4.1.2"
      iconv-lite "^0.4.5"
      mkdirp "^0.5.0"
      private "^0.1.6"
      q "^1.1.2"
      recast "^0.11.17"
  
  concat-map@0.0.1:
    version "0.0.1"
    resolved "https://registry.yarnpkg.com/concat-map/-/concat-map-0.0.1.tgz#d8a96bd77fd68df7793a73036a3ba0d5405d477b"
    integrity sha512-/Srv4dswyQNBfohGpz9o6Yb3Gz3SrUDqBH5rTuhGR7ahtlbYKnVxw2bCFMRljaA7EXHaXZ8wsHdodFvbkhKmqg==
  
  convert-source-map@^1.1.0:
    version "1.9.0"
    resolved "https://registry.yarnpkg.com/convert-source-map/-/convert-source-map-1.9.0.tgz#7faae62353fb4213366d0ca98358d22e8368b05f"
    integrity sha512-ASFBup0Mz1uyiIjANan1jzLQami9z1PoYSZCiiYW2FczPbenXc45FZdBZLzOT+r6+iciuEModtmCti+hjaAk0A==
  
  core-js@^1.0.0:
    version "1.2.7"
    resolved "https://registry.yarnpkg.com/core-js/-/core-js-1.2.7.tgz#652294c14651db28fa93bd2d5ff2983a4f08c636"
    integrity sha512-ZiPp9pZlgxpWRu0M+YWbm6+aQ84XEfH1JRXvfOc/fILWI0VKhLC2LX13X1NYq4fULzLMq7Hfh43CSo2/aIaUPA==
  
  debug@^2.1.1:
    version "2.6.9"
    resolved "https://registry.yarnpkg.com/debug/-/debug-2.6.9.tgz#5d128515df134ff327e90a4c93f4e077a536341f"
    integrity sha512-bC7ElrdJaJnPbAP+1EotYvqZsb3ecl5wi6Bfi6BJTUcNowp6cvspg0jXznRTKDjm/E7AdgFBVeAPVMNcKGsHMA==
    dependencies:
      ms "2.0.0"
  
  decamelize@^1.0.0:
    version "1.2.0"
    resolved "https://registry.yarnpkg.com/decamelize/-/decamelize-1.2.0.tgz#f6534d15148269b20352e7bee26f501f9a191290"
    integrity sha512-z2S+W9X73hAUUki+N+9Za2lBlun89zigOyGrsax+KUQ6wKW4ZoWpEYBkGhQjwAjjDCkWxhY0VKEhk8wzY7F5cA==
  
  deepmerge@^4.2.2:
    version "4.2.2"
    resolved "https://registry.yarnpkg.com/deepmerge/-/deepmerge-4.2.2.tgz#44d2ea3679b8f4d4ffba33f03d865fc1e7bf4955"
    integrity sha512-FJ3UgI4gIl+PHZm53knsuSFpE+nESMr7M4v9QcgB7S63Kj/6WqMiFQJpBBYz1Pt+66bZpP3Q7Lye0Oo9MPKEdg==
  
  defined@^1.0.0:
    version "1.0.1"
    resolved "https://registry.yarnpkg.com/defined/-/defined-1.0.1.tgz#c0b9db27bfaffd95d6f61399419b893df0f91ebf"
    integrity sha512-hsBd2qSVCRE+5PmNdHt1uzyrFu5d3RwmFDKzyNZMFq/EwDNJF7Ee5+D5oEKF0hU6LhtoUF1macFvOe4AskQC1Q==
  
  defs@~1.1.0:
    version "1.1.1"
    resolved "https://registry.yarnpkg.com/defs/-/defs-1.1.1.tgz#b22609f2c7a11ba7a3db116805c139b1caffa9d2"
    integrity sha512-KgGV1vmSa2UPKeDXaWE5FiXjix8BOtYMgiPGpYhd/42wxiC6YGwtscj/zU9gD5/xk4K2iLDpyGhGA5puZxaeMg==
    dependencies:
      alter "~0.2.0"
      ast-traverse "~0.1.1"
      breakable "~1.0.0"
      esprima-fb "~15001.1001.0-dev-harmony-fb"
      simple-fmt "~0.1.0"
      simple-is "~0.2.0"
      stringmap "~0.2.2"
      stringset "~0.2.1"
      tryor "~0.1.2"
      yargs "~3.27.0"
  
  detect-indent@^3.0.0:
    version "3.0.1"
    resolved "https://registry.yarnpkg.com/detect-indent/-/detect-indent-3.0.1.tgz#9dc5e5ddbceef8325764b9451b02bc6d54084f75"
    integrity sha512-xo3WP66SNbr1Eim85s/qyH0ZL8PQUwp86HWm0S1l8WnJ/zjT6T3w1nwNA0yOZeuvOemupEYvpvF6BIdYRuERJQ==
    dependencies:
      get-stdin "^4.0.1"
      minimist "^1.1.0"
      repeating "^1.1.0"
  
  detective@^4.3.1:
    version "4.7.1"
    resolved "https://registry.yarnpkg.com/detective/-/detective-4.7.1.tgz#0eca7314338442febb6d65da54c10bb1c82b246e"
    integrity sha512-H6PmeeUcZloWtdt4DAkFyzFL94arpHr3NOwwmVILFiy+9Qd4JTxxXrzfyGk/lmct2qVGBwTSwSXagqu2BxmWig==
    dependencies:
      acorn "^5.2.1"
      defined "^1.0.0"
  
  es6-promise@^2.0.0:
    version "2.3.0"
    resolved "https://registry.yarnpkg.com/es6-promise/-/es6-promise-2.3.0.tgz#96edb9f2fdb01995822b263dd8aadab6748181bc"
    integrity sha512-oyOjMhyKMLEjOOtvkwg0G4pAzLQ9WdbbeX7WdqKzvYXu+UFgD0Zo/Brq5Q49zNmnGPPzV5rmYvrr0jz1zWx8Iw==
  
  escape-string-regexp@^1.0.2:
    version "1.0.5"
    resolved "https://registry.yarnpkg.com/escape-string-regexp/-/escape-string-regexp-1.0.5.tgz#1b61c0562190a8dff6ae3bb2cf0200ca130b86d4"
    integrity sha512-vbRorB5FUQWvla16U8R/qgaFIya2qGzwDrNmCZuYKrbdSUMG6I1ZCGQRefkRVhuOkIGVne7BQ35DSfo1qvJqFg==
  
  esprima-fb@~15001.1001.0-dev-harmony-fb:
    version "15001.1001.0-dev-harmony-fb"
    resolved "https://registry.yarnpkg.com/esprima-fb/-/esprima-fb-15001.1001.0-dev-harmony-fb.tgz#43beb57ec26e8cf237d3dd8b33e42533577f2659"
    integrity sha512-m7OsYzocA8OQ3+9CxmhIv7NPHtyDR2ixaLCO7kLZ+YH+xQ/BpaZmll9EXmc+kBxzWA8BRBXbNEuEQqQ6vfsgDw==
  
  esprima@^2.6.0:
    version "2.7.3"
    resolved "https://registry.yarnpkg.com/esprima/-/esprima-2.7.3.tgz#96e3b70d5779f6ad49cd032673d1c312767ba581"
    integrity sha512-OarPfz0lFCiW4/AV2Oy1Rp9qu0iusTKqykwTspGCZtPxmF81JR4MmIebvF1F9+UOKth2ZubLQ4XGGaU+hSn99A==
  
  esprima@~3.1.0:
    version "3.1.3"
    resolved "https://registry.yarnpkg.com/esprima/-/esprima-3.1.3.tgz#fdca51cee6133895e3c88d535ce49dbff62a4633"
    integrity sha512-AWwVMNxwhN8+NIPQzAQZCm7RkLC4RbM3B1OobMuyp3i+w73X57KCKaVIxaRZb+DYCojq7rspo+fmuQfAboyhFg==
  
  estree-walker@^2.0.2:
    version "2.0.2"
    resolved "https://registry.yarnpkg.com/estree-walker/-/estree-walker-2.0.2.tgz#52f010178c2a4c117a7757cfe942adb7d2da4cac"
    integrity sha512-Rfkk/Mp/DL7JVje3u18FxFujQlTNR2q6QfMSMB7AvCBx91NGj/ba3kCfza0f6dVDbw7YlRf/nDrn7pQrCCyQ/w==
  
  esutils@^2.0.0:
    version "2.0.3"
    resolved "https://registry.yarnpkg.com/esutils/-/esutils-2.0.3.tgz#74d2eb4de0b8da1293711910d50775b9b710ef64"
    integrity sha512-kVscqXk4OCp68SZ0dkgEKVi6/8ij300KBWTJq32P/dYeWTSwK41WyTxalN1eRmA5Z9UU/LX9D7FWSmV9SAYx6g==
  
  fs-readdir-recursive@^0.1.0:
    version "0.1.2"
    resolved "https://registry.yarnpkg.com/fs-readdir-recursive/-/fs-readdir-recursive-0.1.2.tgz#315b4fb8c1ca5b8c47defef319d073dad3568059"
    integrity sha512-//yfxmYAazrsyb/rgeYDNFXFTuPYTGYirp5QHFSH8h/LaNUoP5bQAa2ikstdK1PR/bFd1CIlQLpUq6/u6UVfSw==
  
  fs.realpath@^1.0.0:
    version "1.0.0"
    resolved "https://registry.yarnpkg.com/fs.realpath/-/fs.realpath-1.0.0.tgz#1504ad2523158caa40db4a2787cb01411994ea4f"
    integrity sha512-OO0pH2lK6a0hZnAdau5ItzHPI6pUlvI7jMVnxUQRtw4owF2wk8lOSabtGDCTP4Ggrg2MbGnWO9X8K1t4+fGMDw==
  
  fsevents@~2.3.2:
    version "2.3.2"
    resolved "https://registry.yarnpkg.com/fsevents/-/fsevents-2.3.2.tgz#8a526f78b8fdf4623b709e0b975c52c24c02fd1a"
    integrity sha512-xiqMQR4xAeHTuB9uWm+fFRcIOgKBMiOBP+eXiyT7jsgVCq1bkVygt00oASowB7EdtpOHaaPgKt812P9ab+DDKA==
  
  function-bind@^1.1.1:
    version "1.1.1"
    resolved "https://registry.yarnpkg.com/function-bind/-/function-bind-1.1.1.tgz#a56899d3ea3c9bab874bb9773b7c5ede92f4895d"
    integrity sha512-yIovAzMX49sF8Yl58fSCWJ5svSLuaibPxXQJFLmBObTuCr0Mf1KiPopGM9NiFjiYBCbfaa2Fh6breQ6ANVTI0A==
  
  get-stdin@^4.0.1:
    version "4.0.1"
    resolved "https://registry.yarnpkg.com/get-stdin/-/get-stdin-4.0.1.tgz#b968c6b0a04384324902e8bf1a5df32579a450fe"
    integrity sha512-F5aQMywwJ2n85s4hJPTT9RPxGmubonuB10MNYo17/xph174n2MIR33HRguhzVag10O/npM7SPk73LMZNP+FaWw==
  
  glob@^5.0.15:
    version "5.0.15"
    resolved "https://registry.yarnpkg.com/glob/-/glob-5.0.15.tgz#1bc936b9e02f4a603fcc222ecf7633d30b8b93b1"
    integrity sha512-c9IPMazfRITpmAAKi22dK1VKxGDX9ehhqfABDriL/lzO92xcUKEJPQHrVA/2YHSNFB4iFlykVmWvwo48nr3OxA==
    dependencies:
      inflight "^1.0.4"
      inherits "2"
      minimatch "2 || 3"
      once "^1.3.0"
      path-is-absolute "^1.0.0"
  
  glob@^7.1.3:
    version "7.2.3"
    resolved "https://registry.yarnpkg.com/glob/-/glob-7.2.3.tgz#b8df0fb802bbfa8e89bd1d938b4e16578ed44f2b"
    integrity sha512-nFR0zLpU2YCaRxwoCJvL6UvCH2JFyFVIvwTLsIf21AuHlMskA1hhTdk+LlYJtOlYt9v6dvszD2BGRqBL+iQK9Q==
    dependencies:
      fs.realpath "^1.0.0"
      inflight "^1.0.4"
      inherits "2"
      minimatch "^3.1.1"
      once "^1.3.0"
      path-is-absolute "^1.0.0"
  
  globals@^6.4.0:
    version "6.4.1"
    resolved "https://registry.yarnpkg.com/globals/-/globals-6.4.1.tgz#8498032b3b6d1cc81eebc5f79690d8fe29fabf4f"
    integrity sha512-Lh7H0bYRNBMc2CapY+TYsCzcSM4HWHGFoQORuEcePk3y3IhpaZmFSJDirhNYSwq8QeHvaCqV/tHI2bdUhYryuw==
  
  graceful-fs@^3.0.4:
    version "3.0.12"
    resolved "https://registry.yarnpkg.com/graceful-fs/-/graceful-fs-3.0.12.tgz#0034947ce9ed695ec8ab0b854bc919e82b1ffaef"
    integrity sha512-J55gaCS4iTTJfTXIxSVw3EMQckcqkpdRv3IR7gu6sq0+tbC363Zx6KH/SEwXASK9JRbhyZmVjJEVJIOxYsB3Qg==
    dependencies:
      natives "^1.1.3"
  
  graceful-fs@^4.1.2, graceful-fs@^4.1.4:
    version "4.2.10"
    resolved "https://registry.yarnpkg.com/graceful-fs/-/graceful-fs-4.2.10.tgz#147d3a006da4ca3ce14728c7aefc287c367d7a6c"
    integrity sha512-9ByhssR2fPVsNZj478qUUbKfmL0+t5BDVyjShtyZZLiK7ZDAArFFfopyOTj0M05wE2tJPisA4iTnnXl2YoPvOA==
  
  has-ansi@^2.0.0:
    version "2.0.0"
    resolved "https://registry.yarnpkg.com/has-ansi/-/has-ansi-2.0.0.tgz#34f5049ce1ecdf2b0649af3ef24e45ed35416d91"
    integrity sha512-C8vBJ8DwUCx19vhm7urhTuUsr4/IyP6l4VzNQDv+ryHQObW3TTTp9yB68WpYgRe2bbaGuZ/se74IqFeVnMnLZg==
    dependencies:
      ansi-regex "^2.0.0"
  
  has@^1.0.3:
    version "1.0.3"
    resolved "https://registry.yarnpkg.com/has/-/has-1.0.3.tgz#722d7cbfc1f6aa8241f16dd814e011e1f41e8796"
    integrity sha512-f2dvO0VU6Oej7RkWJGrehjbzMAjFp5/VKPp5tTpWIV4JHHZK1/BxbFRtf/siA2SWTe09caDmVtYYzWEIbBS4zw==
    dependencies:
      function-bind "^1.1.1"
  
  home-or-tmp@^1.0.0:
    version "1.0.0"
    resolved "https://registry.yarnpkg.com/home-or-tmp/-/home-or-tmp-1.0.0.tgz#4b9f1e40800c3e50c6c27f781676afcce71f3985"
    integrity sha512-6LKQZpR6gk8uJ3mXbBkyOumsA24BUk9CH/79ivZ8Kk1urzlXNGZBoAMuieC/YzwCyGBVqq+uCNUpA1JS6glrxg==
    dependencies:
      os-tmpdir "^1.0.1"
      user-home "^1.1.1"
  
  iconv-lite@^0.4.5:
    version "0.4.24"
    resolved "https://registry.yarnpkg.com/iconv-lite/-/iconv-lite-0.4.24.tgz#2022b4b25fbddc21d2f524974a474aafe733908b"
    integrity sha512-v3MXnZAcvnywkTUEZomIActle7RXXeedOR31wwl7VlyoXO4Qi9arvSenNQWne1TcRwhCL1HwLI21bEqdpj8/rA==
    dependencies:
      safer-buffer ">= 2.1.2 < 3"
  
  inflight@^1.0.4:
    version "1.0.6"
    resolved "https://registry.yarnpkg.com/inflight/-/inflight-1.0.6.tgz#49bd6331d7d02d0c09bc910a1075ba8165b56df9"
    integrity sha512-k92I/b08q4wvFscXCLvqfsHCrjrF7yiXsQuIVvVE7N82W3+aqpzuUdBbfhWcy/FZR3/4IgflMgKLOsvPDrGCJA==
    dependencies:
      once "^1.3.0"
      wrappy "1"
  
  inherits@2:
    version "2.0.4"
    resolved "https://registry.yarnpkg.com/inherits/-/inherits-2.0.4.tgz#0fa2c64f932917c3433a0ded55363aae37416b7c"
    integrity sha512-k/vGaX4/Yla3WzyMCvTQOXYeIHvqOKtnqBduzTHpzpQZzAskKMhZ2K+EnBiSM9zGSoIFeMpXKxa4dYeZIQqewQ==
  
  invert-kv@^1.0.0:
    version "1.0.0"
    resolved "https://registry.yarnpkg.com/invert-kv/-/invert-kv-1.0.0.tgz#104a8e4aaca6d3d8cd157a8ef8bfab2d7a3ffdb6"
    integrity sha512-xgs2NH9AE66ucSq4cNG1nhSFghr5l6tdL15Pk+jl46bmmBapgoaY/AacXyaDznAqmGL99TiLSQgO/XazFSKYeQ==
  
  is-buffer@^1.1.5:
    version "1.1.6"
    resolved "https://registry.yarnpkg.com/is-buffer/-/is-buffer-1.1.6.tgz#efaa2ea9daa0d7ab2ea13a97b2b8ad51fefbe8be"
    integrity sha512-NcdALwpXkTm5Zvvbk7owOUSvVvBKDgKP5/ewfXEznmQFfs4ZRmanOeKBTjRVjka3QFoN6XJ+9F3USqfHqTaU5w==
  
  is-builtin-module@^3.2.0:
    version "3.2.0"
    resolved "https://registry.yarnpkg.com/is-builtin-module/-/is-builtin-module-3.2.0.tgz#bb0310dfe881f144ca83f30100ceb10cf58835e0"
    integrity sha512-phDA4oSGt7vl1n5tJvTWooWWAsXLY+2xCnxNqvKhGEzujg+A43wPlPOyDg3C8XQHN+6k/JTQWJ/j0dQh/qr+Hw==
    dependencies:
      builtin-modules "^3.3.0"
  
  is-core-module@^2.9.0:
    version "2.11.0"
    resolved "https://registry.yarnpkg.com/is-core-module/-/is-core-module-2.11.0.tgz#ad4cb3e3863e814523c96f3f58d26cc570ff0144"
    integrity sha512-RRjxlvLDkD1YJwDbroBHMb+cukurkDWNyHx7D3oNB5x9rb5ogcksMC5wHCadcXoo67gVr/+3GFySh3134zi6rw==
    dependencies:
      has "^1.0.3"
  
  is-finite@^1.0.0:
    version "1.1.0"
    resolved "https://registry.yarnpkg.com/is-finite/-/is-finite-1.1.0.tgz#904135c77fb42c0641d6aa1bcdbc4daa8da082f3"
    integrity sha512-cdyMtqX/BOqqNBBiKlIVkytNHm49MtMlYyn1zxzvJKWmFMlGzm+ry5BBfYyeY9YmNKbRSo/o7OX9w9ale0wg3w==
  
  is-integer@^1.0.4:
    version "1.0.7"
    resolved "https://registry.yarnpkg.com/is-integer/-/is-integer-1.0.7.tgz#6bde81aacddf78b659b6629d629cadc51a886d5c"
    integrity sha512-RPQc/s9yBHSvpi+hs9dYiJ2cuFeU6x3TyyIp8O2H6SKEltIvJOzRj9ToyvcStDvPR/pS4rxgr1oBFajQjZ2Szg==
    dependencies:
      is-finite "^1.0.0"
  
  is-module@^1.0.0:
    version "1.0.0"
    resolved "https://registry.yarnpkg.com/is-module/-/is-module-1.0.0.tgz#3258fb69f78c14d5b815d664336b4cffb6441591"
    integrity sha512-51ypPSPCoTEIN9dy5Oy+h4pShgJmPCygKfyRCISBI+JoWT/2oJvK8QPxmwv7b/p239jXrm9M1mlQbyKJ5A152g==
  
  js-tokens@1.0.1:
    version "1.0.1"
    resolved "https://registry.yarnpkg.com/js-tokens/-/js-tokens-1.0.1.tgz#cc435a5c8b94ad15acb7983140fc80182c89aeae"
    integrity sha512-WKqed1YxjsT7sGqM2IdbkJHnA3rXHqFqN+4xUy973UeYNjSXZCKM3G/zUmPNYut/6D9QCUbqegDmUCQRdm0lnQ==
  
  "js-tokens@^3.0.0 || ^4.0.0":
    version "4.0.0"
    resolved "https://registry.yarnpkg.com/js-tokens/-/js-tokens-4.0.0.tgz#19203fb59991df98e3a287050d4647cdeaf32499"
    integrity sha512-RdJUflcE3cUzKiMqQgsCu06FPu9UdIJO0beYbPhHN4k6apgJtifcoCtT9bcxOpYBtpD2kCM6Sbzg4CausW/PKQ==
  
  jsesc@~0.5.0:
    version "0.5.0"
    resolved "https://registry.yarnpkg.com/jsesc/-/jsesc-0.5.0.tgz#e7dee66e35d6fc16f710fe91d5cf69f70f08911d"
    integrity sha512-uZz5UnB7u4T9LvwmFqXii7pZSouaRPorGs5who1Ip7VO0wxanFvBL7GkM6dTHlgX+jhBApRetaWpnDabOeTcnA==
  
  json5@^0.4.0:
    version "0.4.0"
    resolved "https://registry.yarnpkg.com/json5/-/json5-0.4.0.tgz#054352e4c4c80c86c0923877d449de176a732c8d"
    integrity sha512-5EEuuI7oad0d6c2PcrTRLoLH2JNuI/aJxHsVT2hVFK6fKHu+MXONdhzzzNAlb3JXMeuN1o+kDU78fV1YH6VmKQ==
  
  kind-of@^3.0.2:
    version "3.2.2"
    resolved "https://registry.yarnpkg.com/kind-of/-/kind-of-3.2.2.tgz#31ea21a734bab9bbb0f32466d893aea51e4a3c64"
    integrity sha512-NOW9QQXMoZGg/oqnVNoNTTIFEIid1627WCffUBJEdMxYApq7mNE7CpzucIPc+ZQg25Phej7IJSmX3hO+oblOtQ==
    dependencies:
      is-buffer "^1.1.5"
  
  lazy-cache@^1.0.3:
    version "1.0.4"
    resolved "https://registry.yarnpkg.com/lazy-cache/-/lazy-cache-1.0.4.tgz#a1d78fc3a50474cb80845d3b3b6e1da49a446e8e"
    integrity sha512-RE2g0b5VGZsOCFOCgP7omTRYFqydmZkBwl5oNnQ1lDYC57uyO9KqNnNVxT7COSHTxrRCWVcAVOcbjk+tvh/rgQ==
  
  lcid@^1.0.0:
    version "1.0.0"
    resolved "https://registry.yarnpkg.com/lcid/-/lcid-1.0.0.tgz#308accafa0bc483a3867b4b6f2b9506251d1b835"
    integrity sha512-YiGkH6EnGrDGqLMITnGjXtGmNtjoXw9SVUzcaos8RBi7Ps0VBylkq+vOcY9QE5poLasPCR849ucFUkl0UzUyOw==
    dependencies:
      invert-kv "^1.0.0"
  
  leven@^1.0.2:
    version "1.0.2"
    resolved "https://registry.yarnpkg.com/leven/-/leven-1.0.2.tgz#9144b6eebca5f1d0680169f1a6770dcea60b75c3"
    integrity sha512-U3eIzC2mMAOMOuoJ25sA3eyraoBwndpQyYgBq5dyqrMTpvMg9l9X/ucFHxv622YcCg179WWqleoF7rSzfYrV+Q==
  
  lodash@^3.10.0, lodash@^3.9.3:
    version "3.10.1"
    resolved "https://registry.yarnpkg.com/lodash/-/lodash-3.10.1.tgz#5bf45e8e49ba4189e17d482789dfd15bd140b7b6"
    integrity sha512-9mDDwqVIma6OZX79ZlDACZl8sBm0TEnkf99zV3iMA4GzkIT/9hiqP5mY0HoT1iNLCrKc/R1HByV+yJfRWVJryQ==
  
  longest@^1.0.1:
    version "1.0.1"
    resolved "https://registry.yarnpkg.com/longest/-/longest-1.0.1.tgz#30a0b2da38f73770e8294a0d22e6625ed77d0097"
    integrity sha512-k+yt5n3l48JU4k8ftnKG6V7u32wyH2NfKzeMto9F/QRE0amxy/LayxwlvjjkZEIzqR+19IrtFO8p5kB9QaYUFg==
  
  loose-envify@^1.1.0:
    version "1.4.0"
    resolved "https://registry.yarnpkg.com/loose-envify/-/loose-envify-1.4.0.tgz#71ee51fa7be4caec1a63839f7e682d8132d30caf"
    integrity sha512-lyuxPGr/Wfhrlem2CL/UcnUc1zcqKAImBDzukY7Y5F/yQiNdko6+fRLevlw1HgMySw7f611UIY408EtxRSoK3Q==
    dependencies:
      js-tokens "^3.0.0 || ^4.0.0"
  
  "minimatch@2 || 3", minimatch@^3.1.1:
    version "3.1.2"
    resolved "https://registry.yarnpkg.com/minimatch/-/minimatch-3.1.2.tgz#19cd194bfd3e428f049a70817c038d89ab4be35b"
    integrity sha512-J7p63hRiAjw1NDEww1W7i37+ByIrOWO5XQQAzZ3VOcL0PNybwpfmV/N05zFAzwQ9USyEcX6t3UO+K5aqBQOIHw==
    dependencies:
      brace-expansion "^1.1.7"
  
  minimatch@^2.0.3:
    version "2.0.10"
    resolved "https://registry.yarnpkg.com/minimatch/-/minimatch-2.0.10.tgz#8d087c39c6b38c001b97fca7ce6d0e1e80afbac7"
    integrity sha512-jQo6o1qSVLEWaw3l+bwYA2X0uLuK2KjNh2wjgO7Q/9UJnXr1Q3yQKR8BI0/Bt/rPg75e6SMW4hW/6cBHVTZUjA==
    dependencies:
      brace-expansion "^1.0.0"
  
  minimist@^1.1.0, minimist@^1.2.0, minimist@^1.2.6:
    version "1.2.7"
    resolved "https://registry.yarnpkg.com/minimist/-/minimist-1.2.7.tgz#daa1c4d91f507390437c6a8bc01078e7000c4d18"
    integrity sha512-bzfL1YUZsP41gmu/qjrEk0Q6i2ix/cVeAhbCbqH9u3zYutS1cLg00qhrD0M2MVdCcx4Sc0UpP2eBWo9rotpq6g==
  
  mkdirp@^0.5.0, mkdirp@^0.5.1:
    version "0.5.6"
    resolved "https://registry.yarnpkg.com/mkdirp/-/mkdirp-0.5.6.tgz#7def03d2432dcae4ba1d611445c48396062255f6"
    integrity sha512-FP+p8RB8OWpF3YZBCrP5gtADmtXApB5AMLn+vdyA+PyxCjrCs00mjyUozssO33cwDeT3wNGdLxJ5M//YqtHAJw==
    dependencies:
      minimist "^1.2.6"
  
  ms@2.0.0:
    version "2.0.0"
    resolved "https://registry.yarnpkg.com/ms/-/ms-2.0.0.tgz#5608aeadfc00be6c2901df5f9861788de0d597c8"
    integrity sha512-Tpp60P6IUJDTuOq/5Z8cdskzJujfwqfOTkrwIwj7IRISpnkJnT6SyJ4PCPnGMoFjC9ddhal5KVIYtAt97ix05A==
  
  natives@^1.1.3:
    version "1.1.6"
    resolved "https://registry.yarnpkg.com/natives/-/natives-1.1.6.tgz#a603b4a498ab77173612b9ea1acdec4d980f00bb"
    integrity sha512-6+TDFewD4yxY14ptjKaS63GVdtKiES1pTPyxn9Jb0rBqPMZ7VcCiooEhPNsr+mqHtMGxa/5c/HhcC4uPEUw/nA==
  
  object-assign@^4.1.0:
    version "4.1.1"
    resolved "https://registry.yarnpkg.com/object-assign/-/object-assign-4.1.1.tgz#2109adc7965887cfc05cbbd442cac8bfbb360863"
    integrity sha512-rJgTQnkUnH1sFw8yT6VSU3zD3sWmu6sZhIseY8VX+GRu3P6F7Fu+JNDoXfklElbLJSnc3FUQHVe4cU5hj+BcUg==
  
  once@^1.3.0:
    version "1.4.0"
    resolved "https://registry.yarnpkg.com/once/-/once-1.4.0.tgz#583b1aa775961d4b113ac17d9c50baef9dd76bd1"
    integrity sha512-lNaJgI+2Q5URQBkccEKHTQOPaXdUxnZZElQTZY0MFUAuaEqe1E+Nyvgdz/aIyNi6Z9MzO5dv1H8n58/GELp3+w==
    dependencies:
      wrappy "1"
  
  os-locale@^1.4.0:
    version "1.4.0"
    resolved "https://registry.yarnpkg.com/os-locale/-/os-locale-1.4.0.tgz#20f9f17ae29ed345e8bde583b13d2009803c14d9"
    integrity sha512-PRT7ZORmwu2MEFt4/fv3Q+mEfN4zetKxufQrkShY2oGvUms9r8otu5HfdyIFHkYXjO7laNsoVGmM2MANfuTA8g==
    dependencies:
      lcid "^1.0.0"
  
  os-tmpdir@^1.0.1:
    version "1.0.2"
    resolved "https://registry.yarnpkg.com/os-tmpdir/-/os-tmpdir-1.0.2.tgz#bbe67406c79aa85c5cfec766fe5734555dfa1274"
    integrity sha512-D2FR03Vir7FIu45XBY20mTb+/ZSWB00sjU9jdQXt83gDrI4Ztz5Fs7/yy74g2N5SVQY4xY1qDr4rNddwYRVX0g==
  
  output-file-sync@^1.1.0:
    version "1.1.2"
    resolved "https://registry.yarnpkg.com/output-file-sync/-/output-file-sync-1.1.2.tgz#d0a33eefe61a205facb90092e826598d5245ce76"
    integrity sha512-uQLlclru4xpCi+tfs80l3QF24KL81X57ELNMy7W/dox+JTtxUf1bLyQ8968fFCmSqqbokjW0kn+WBIlO+rSkNg==
    dependencies:
      graceful-fs "^4.1.4"
      mkdirp "^0.5.1"
      object-assign "^4.1.0"
  
  path-exists@^1.0.0:
    version "1.0.0"
    resolved "https://registry.yarnpkg.com/path-exists/-/path-exists-1.0.0.tgz#d5a8998eb71ef37a74c34eb0d9eba6e878eea081"
    integrity sha512-BD2vrQBPFI3VkVKzTrOmaG2WtPQoduNXu1A5tLYMOW8RN6G9CdhdSkmw+ljxUkJcj4pbXQGw0lzl7MFLnhba9Q==
  
  path-is-absolute@^1.0.0:
    version "1.0.1"
    resolved "https://registry.yarnpkg.com/path-is-absolute/-/path-is-absolute-1.0.1.tgz#174b9268735534ffbc7ace6bf53a5a9e1b5c5f5f"
    integrity sha512-AVbw3UJ2e9bq64vSaS9Am0fje1Pa8pbGqTTsmXfaIiMpnr5DlDhfJOuLj9Sf95ZPVDAUerDfEk88MPmPe7UCQg==
  
  path-parse@^1.0.7:
    version "1.0.7"
    resolved "https://registry.yarnpkg.com/path-parse/-/path-parse-1.0.7.tgz#fbc114b60ca42b30d9daf5858e4bd68bbedb6735"
    integrity sha512-LDJzPVEEEPR+y48z93A0Ed0yXb8pAByGWo/k5YYdYgpY2/2EsOsksJrq7lOHxryrVOn1ejG6oAp8ahvOIQD8sw==
  
  picomatch@^2.3.1:
    version "2.3.1"
    resolved "https://registry.yarnpkg.com/picomatch/-/picomatch-2.3.1.tgz#3ba3833733646d9d3e4995946c1365a67fb07a42"
    integrity sha512-JU3teHTNjmE2VCGFzuY8EXzCDVwEqB2a8fsIvwaStHhAWJEeVd1o1QD80CU6+ZdEXXSLbSsuLwJjkCBWqRQUVA==
  
  private@^0.1.6, private@~0.1.5:
    version "0.1.8"
    resolved "https://registry.yarnpkg.com/private/-/private-0.1.8.tgz#2381edb3689f7a53d653190060fcf822d2f368ff"
    integrity sha512-VvivMrbvd2nKkiG38qjULzlc+4Vx4wm/whI9pQD35YrARNnhxeiRktSOhSukRLFNlzg6Br/cJPet5J/u19r/mg==
  
  q@^1.1.2:
    version "1.5.1"
    resolved "https://registry.yarnpkg.com/q/-/q-1.5.1.tgz#7e32f75b41381291d04611f1bf14109ac00651d7"
    integrity sha512-kV/CThkXo6xyFEZUugw/+pIOywXcDbFYgSct5cT3gqlbkBE1SJdwy6UQoZvodiWF/ckQLZyDE/Bu1M6gVu5lVw==
  
  react@^18.2.0:
    version "18.2.0"
    resolved "https://registry.yarnpkg.com/react/-/react-18.2.0.tgz#555bd98592883255fa00de14f1151a917b5d77d5"
    integrity sha512-/3IjMdb2L9QbBdWiW5e3P2/npwMBaU9mHCSCUzNln0ZCYbcfTsGbTJrU/kGemdH2IWmB2ioZ+zkxtmq6g09fGQ==
    dependencies:
      loose-envify "^1.1.0"
  
  recast@0.10.33:
    version "0.10.33"
    resolved "https://registry.yarnpkg.com/recast/-/recast-0.10.33.tgz#942808f7aa016f1fa7142c461d7e5704aaa8d697"
    integrity sha512-RxAVgvgWGzfFYsdc3PB6TM4/cq8HMgBH8PC9r+SkO7j1MeHZvIMxLSVlUhin3sv9wbAy8CMAPXSGSGkWPovyKQ==
    dependencies:
      ast-types "0.8.12"
      esprima-fb "~15001.1001.0-dev-harmony-fb"
      private "~0.1.5"
      source-map "~0.5.0"
  
  recast@^0.10.10:
    version "0.10.43"
    resolved "https://registry.yarnpkg.com/recast/-/recast-0.10.43.tgz#b95d50f6d60761a5f6252e15d80678168491ce7f"
    integrity sha512-GC1g4P336t8WOpzVGFOo83m14xQfHbVqe+eDus+4oubobkWb/kONwMWSG6+K3BUtBOoUdUU+GT9kmNCSOBv9+g==
    dependencies:
      ast-types "0.8.15"
      esprima-fb "~15001.1001.0-dev-harmony-fb"
      private "~0.1.5"
      source-map "~0.5.0"
  
  recast@^0.11.17:
    version "0.11.23"
    resolved "https://registry.yarnpkg.com/recast/-/recast-0.11.23.tgz#451fd3004ab1e4df9b4e4b66376b2a21912462d3"
    integrity sha512-+nixG+3NugceyR8O1bLU45qs84JgI3+8EauyRZafLgC9XbdAOIVgwV1Pe2da0YzGo62KzWoZwUpVEQf6qNAXWA==
    dependencies:
      ast-types "0.9.6"
      esprima "~3.1.0"
      private "~0.1.5"
      source-map "~0.5.0"
  
  regenerate@^1.2.1:
    version "1.4.2"
    resolved "https://registry.yarnpkg.com/regenerate/-/regenerate-1.4.2.tgz#b9346d8827e8f5a32f7ba29637d398b69014848a"
    integrity sha512-zrceR/XhGYU/d/opr2EKO7aRHUeiBI8qjtfHqADTwZd6Szfy16la6kqD0MIUs5z5hx6AaKa+PixpPrR289+I0A==
  
  regenerator@0.8.40:
    version "0.8.40"
    resolved "https://registry.yarnpkg.com/regenerator/-/regenerator-0.8.40.tgz#a0e457c58ebdbae575c9f8cd75127e93756435d8"
    integrity sha512-NsE91xz22nl5JsAwE5kZNmaMaK6g4HipZaGhrQJeVo8DsTwYYONx0TYEm8+7kFIODeuLNQpRsomV1CChmEY5Yg==
    dependencies:
      commoner "~0.10.3"
      defs "~1.1.0"
      esprima-fb "~15001.1001.0-dev-harmony-fb"
      private "~0.1.5"
      recast "0.10.33"
      through "~2.3.8"
  
  regexpu@^1.3.0:
    version "1.3.0"
    resolved "https://registry.yarnpkg.com/regexpu/-/regexpu-1.3.0.tgz#e534dc991a9e5846050c98de6d7dd4a55c9ea16d"
    integrity sha512-OqpQCTCcVM6k9IbzxLjNN6TRj3NV7qF4L8zUqsNoeAmmIZp8wH1tdZnn0vNXE2tGNU4ho0xTZWk3FmahOtyMRA==
    dependencies:
      esprima "^2.6.0"
      recast "^0.10.10"
      regenerate "^1.2.1"
      regjsgen "^0.2.0"
      regjsparser "^0.1.4"
  
  regjsgen@^0.2.0:
    version "0.2.0"
    resolved "https://registry.yarnpkg.com/regjsgen/-/regjsgen-0.2.0.tgz#6c016adeac554f75823fe37ac05b92d5a4edb1f7"
    integrity sha512-x+Y3yA24uF68m5GA+tBjbGYo64xXVJpbToBaWCoSNSc1hdk6dfctaRWrNFTVJZIIhL5GxW8zwjoixbnifnK59g==
  
  regjsparser@^0.1.4:
    version "0.1.5"
    resolved "https://registry.yarnpkg.com/regjsparser/-/regjsparser-0.1.5.tgz#7ee8f84dc6fa792d3fd0ae228d24bd949ead205c"
    integrity sha512-jlQ9gYLfk2p3V5Ag5fYhA7fv7OHzd1KUH0PRP46xc3TgwjwgROIW572AfYg/X9kaNq/LJnu6oJcFRXlIrGoTRw==
    dependencies:
      jsesc "~0.5.0"
  
  repeat-string@^1.5.2:
    version "1.6.1"
    resolved "https://registry.yarnpkg.com/repeat-string/-/repeat-string-1.6.1.tgz#8dcae470e1c88abc2d600fff4a776286da75e637"
    integrity sha512-PV0dzCYDNfRi1jCDbJzpW7jNNDRuCOG/jI5ctQcGKt/clZD+YcPS3yIlWuTJMmESC8aevCFmWJy5wjAFgNqN6w==
  
  repeating@^1.1.0, repeating@^1.1.2:
    version "1.1.3"
    resolved "https://registry.yarnpkg.com/repeating/-/repeating-1.1.3.tgz#3d4114218877537494f97f77f9785fab810fa4ac"
    integrity sha512-Nh30JLeMHdoI+AsQ5eblhZ7YlTsM9wiJQe/AHIunlK3KWzvXhXb36IJ7K1IOeRjIOtzMjdUHjwXUFxKJoPTSOg==
    dependencies:
      is-finite "^1.0.0"
  
  resolve@^1.1.6, resolve@^1.22.1:
    version "1.22.1"
    resolved "https://registry.yarnpkg.com/resolve/-/resolve-1.22.1.tgz#27cb2ebb53f91abb49470a928bba7558066ac177"
    integrity sha512-nBpuuYuY5jFsli/JIs1oldw6fOQCBioohqWZg/2hiaOybXOft4lonv85uDOKXdf8rhyK159cxU5cDcK/NKk8zw==
    dependencies:
      is-core-module "^2.9.0"
      path-parse "^1.0.7"
      supports-preserve-symlinks-flag "^1.0.0"
  
  right-align@^0.1.1:
    version "0.1.3"
    resolved "https://registry.yarnpkg.com/right-align/-/right-align-0.1.3.tgz#61339b722fe6a3515689210d24e14c96148613ef"
    integrity sha512-yqINtL/G7vs2v+dFIZmFUDbnVyFUJFKd6gK22Kgo6R4jfJGFtisKyncWDDULgjfqf4ASQuIQyjJ7XZ+3aWpsAg==
    dependencies:
      align-text "^0.1.1"
  
  rimraf@^2.2.8:
    version "2.7.1"
    resolved "https://registry.yarnpkg.com/rimraf/-/rimraf-2.7.1.tgz#35797f13a7fdadc566142c29d4f07ccad483e3ec"
    integrity sha512-uWjbaKIK3T1OSVptzX7Nl6PvQ3qAGtKEtVRjRuazjfL3Bx5eI409VZSqgND+4UNnmzLVdPj9FqFJNPqBZFve4w==
    dependencies:
      glob "^7.1.3"
  
  rollup-babel@^0.6.3:
    version "0.6.3"
    resolved "https://registry.yarnpkg.com/rollup-babel/-/rollup-babel-0.6.3.tgz#afa511745c9424d4a5f8bba0891773896c6d9d75"
    integrity sha512-KLHRaKBSCafrokdFPEiCBsSg0/TS9cF4vsw2E+SRCodhKI2aSWZzqs9o/ENESx1NC/j8EepY9yq0sGi2GPEkLw==
    dependencies:
      babel-core "^5.8.23"
      chalk "^1.1.1"
      minimist "^1.2.0"
      rollup "^0.19.2"
      sander "^0.4.0"
      source-map-support "^0.3.2"
  
  rollup-plugin-peer-deps-external@^2.2.4:
    version "2.2.4"
    resolved "https://registry.yarnpkg.com/rollup-plugin-peer-deps-external/-/rollup-plugin-peer-deps-external-2.2.4.tgz#8a420bbfd6dccc30aeb68c9bf57011f2f109570d"
    integrity sha512-AWdukIM1+k5JDdAqV/Cxd+nejvno2FVLVeZ74NKggm3Q5s9cbbcOgUPGdbxPi4BXu7xGaZ8HG12F+thImYu/0g==
  
  rollup@^0.19.2:
    version "0.19.2"
    resolved "https://registry.yarnpkg.com/rollup/-/rollup-0.19.2.tgz#5422bb3e2e95807166ce6ebd9df717c40bd052c2"
    integrity sha512-xJp9uQ8j5JOyZQPhlb72VFG4IeVnbBudWCN6Jxt3dAPxGhuVehttzBCMN1DLcXpFLYTfhlI+u8i0XKb6kfE9Cw==
    dependencies:
      chalk "^1.1.1"
      minimist "^1.2.0"
      source-map-support "^0.3.2"
      sourcemap-codec "^1.1.0"
      vlq "^0.2.1"
  
  rollup@^3.9.0:
    version "3.9.0"
    resolved "https://registry.yarnpkg.com/rollup/-/rollup-3.9.0.tgz#0ff7ab7cd71ce3a6ab140c5cf661f2b35eb6aab8"
    integrity sha512-nGGylpmblyjTpF4lEUPgmOw6OVxRvnI6Iuuh6Lz4O/X66cVOX1XJSsqP1YamxQ+mPuFE7qJxLFDSCk8rNv5dDw==
    optionalDependencies:
      fsevents "~2.3.2"
  
  "safer-buffer@>= 2.1.2 < 3":
    version "2.1.2"
    resolved "https://registry.yarnpkg.com/safer-buffer/-/safer-buffer-2.1.2.tgz#44fa161b0187b9549dd84bb91802f9bd8385cd6a"
    integrity sha512-YZo3K82SD7Riyi0E1EQPojLz7kpepnSQI9IyPbHHg1XXXevb5dJI7tpyN2ADxGcQbHG7vcyRHk0cbwqcQriUtg==
  
  sander@^0.4.0:
    version "0.4.0"
    resolved "https://registry.yarnpkg.com/sander/-/sander-0.4.0.tgz#75bfbf9b48059282bf8b0e9a3fdb2828c9a13269"
    integrity sha512-5E/VXvQiwi0JQJ4q0FnsJ4MmjD347CQKmZHJ5FDdrs3PBMIa3LuqK8Kt2NePd2RBhEeJ9jXHHcoputxR0ecFNw==
    dependencies:
      es6-promise "^2.0.0"
      graceful-fs "^3.0.4"
      mkdirp "^0.5.0"
      rimraf "^2.2.8"
  
  shebang-regex@^1.0.0:
    version "1.0.0"
    resolved "https://registry.yarnpkg.com/shebang-regex/-/shebang-regex-1.0.0.tgz#da42f49740c0b42db2ca9728571cb190c98efea3"
    integrity sha512-wpoSFAxys6b2a2wHZ1XpDSgD7N9iVjg29Ph9uV/uaP9Ex/KXlkTZTeddxDPSYQpgvzKLGJke2UU0AzoGCjNIvQ==
  
  simple-fmt@~0.1.0:
    version "0.1.0"
    resolved "https://registry.yarnpkg.com/simple-fmt/-/simple-fmt-0.1.0.tgz#191bf566a59e6530482cb25ab53b4a8dc85c3a6b"
    integrity sha512-9a3zTDDh9LXbTR37qBhACWIQ/mP/ry5xtmbE98BJM8GR02sanCkfMzp7AdCTqYhkBZggK/w7hJtc8Pb9nmo16A==
  
  simple-is@~0.2.0:
    version "0.2.0"
    resolved "https://registry.yarnpkg.com/simple-is/-/simple-is-0.2.0.tgz#2abb75aade39deb5cc815ce10e6191164850baf0"
    integrity sha512-GJXhv3r5vdj5tGWO+rcrWgjU2azLB+fb7Ehh3SmZpXE0o4KrrFLti0w4mdDCbR29X/z0Ls20ApjZitlpAXhAeg==
  
  slash@^1.0.0:
    version "1.0.0"
    resolved "https://registry.yarnpkg.com/slash/-/slash-1.0.0.tgz#c41f2f6c39fc16d1cd17ad4b5d896114ae470d55"
    integrity sha512-3TYDR7xWt4dIqV2JauJr+EJeW356RXijHeUlO+8djJ+uBXPn8/2dpzBc8yQhh583sVvc9CvFAeQVgijsH+PNNg==
  
  source-map-support@^0.2.10:
    version "0.2.10"
    resolved "https://registry.yarnpkg.com/source-map-support/-/source-map-support-0.2.10.tgz#ea5a3900a1c1cb25096a0ae8cc5c2b4b10ded3dc"
    integrity sha512-gGKOSat73z0V8wBKo9AGxZZyekczBireh1hHktbt+kb9acsCB5OfVCF2DCWlztcQ3r5oNN7f2BL0B2xOcoJ/DQ==
    dependencies:
      source-map "0.1.32"
  
  source-map-support@^0.3.2:
    version "0.3.3"
    resolved "https://registry.yarnpkg.com/source-map-support/-/source-map-support-0.3.3.tgz#34900977d5ba3f07c7757ee72e73bb1a9b53754f"
    integrity sha512-9O4+y9n64RewmFoKUZ/5Tx9IHIcXM6Q+RTSw6ehnqybUz4a7iwR3Eaw80uLtqqQ5D0C+5H03D4KKGo9PdP33Gg==
    dependencies:
      source-map "0.1.32"
  
  source-map@0.1.32:
    version "0.1.32"
    resolved "https://registry.yarnpkg.com/source-map/-/source-map-0.1.32.tgz#c8b6c167797ba4740a8ea33252162ff08591b266"
    integrity sha512-htQyLrrRLkQ87Zfrir4/yN+vAUd6DNjVayEjTSHXu29AYQJw57I4/xEL/M6p6E/woPNJwvZt6rVlzc7gFEJccQ==
    dependencies:
      amdefine ">=0.0.4"
  
  source-map@^0.5.0, source-map@~0.5.0:
    version "0.5.7"
    resolved "https://registry.yarnpkg.com/source-map/-/source-map-0.5.7.tgz#8a039d2d1021d22d1ea14c80d8ea468ba2ef3fcc"
    integrity sha512-LbrmJOMUSdEVxIKvdcJzQC+nQhe8FUZQTXQy6+I75skNgn3OoQ0DZA8YnFa7gp8tqtL3KPf1kmo0R5DoApeSGQ==
  
  sourcemap-codec@^1.1.0:
    version "1.4.8"
    resolved "https://registry.yarnpkg.com/sourcemap-codec/-/sourcemap-codec-1.4.8.tgz#ea804bd94857402e6992d05a38ef1ae35a9ab4c4"
    integrity sha512-9NykojV5Uih4lgo5So5dtw+f0JgJX30KCNI8gwhz2J9A15wD0Ml6tjHKwf6fTSa6fAdVBdZeNOs9eJ71qCk8vA==
  
  stable@~0.1.3:
    version "0.1.8"
    resolved "https://registry.yarnpkg.com/stable/-/stable-0.1.8.tgz#836eb3c8382fe2936feaf544631017ce7d47a3cf"
    integrity sha512-ji9qxRnOVfcuLDySj9qzhGSEFVobyt1kIOSkj1qZzYLzq7Tos/oUUWvotUPQLlrsidqsK6tBH89Bc9kL5zHA6w==
  
  stringmap@~0.2.2:
    version "0.2.2"
    resolved "https://registry.yarnpkg.com/stringmap/-/stringmap-0.2.2.tgz#556c137b258f942b8776f5b2ef582aa069d7d1b1"
    integrity sha512-mR1LEHDw6TsHa+LwJeeBc9ZqZqEOm7bHidgxMmDg8HB/rbA1HhDeT08gS67CCCG/xrgIfQx5tW42pd8vFpLUow==
  
  stringset@~0.2.1:
    version "0.2.1"
    resolved "https://registry.yarnpkg.com/stringset/-/stringset-0.2.1.tgz#ef259c4e349344377fcd1c913dd2e848c9c042b5"
    integrity sha512-km3jeiRpmySChl1oLiBE2ESdG5k/4+6tjENVL6BB3mdmKBiUikI5ks4paad2WAKsxzpNiBqBBbXCC12QqlpLWA==
  
  strip-ansi@^3.0.0:
    version "3.0.1"
    resolved "https://registry.yarnpkg.com/strip-ansi/-/strip-ansi-3.0.1.tgz#6a385fb8853d952d5ff05d0e8aaf94278dc63dcf"
    integrity sha512-VhumSSbBqDTP8p2ZLKj40UjBCV4+v8bUSEpUb4KjRgWk9pbqGF4REFj6KEagidb2f/M6AzC0EmFyDNGaw9OCzg==
    dependencies:
      ansi-regex "^2.0.0"
  
  supports-color@^2.0.0:
    version "2.0.0"
    resolved "https://registry.yarnpkg.com/supports-color/-/supports-color-2.0.0.tgz#535d045ce6b6363fa40117084629995e9df324c7"
    integrity sha512-KKNVtd6pCYgPIKU4cp2733HWYCpplQhddZLBUryaAHou723x+FRzQ5Df824Fj+IyyuiQTRoub4SnIFfIcrp70g==
  
  supports-preserve-symlinks-flag@^1.0.0:
    version "1.0.0"
    resolved "https://registry.yarnpkg.com/supports-preserve-symlinks-flag/-/supports-preserve-symlinks-flag-1.0.0.tgz#6eda4bd344a3c94aea376d4cc31bc77311039e09"
    integrity sha512-ot0WnXS9fgdkgIcePe6RHNk1WA8+muPa6cSjeR3V8K27q9BB1rTE3R1p7Hv0z1ZyAc8s6Vvv8DIyWf681MAt0w==
  
  through@~2.3.8:
    version "2.3.8"
    resolved "https://registry.yarnpkg.com/through/-/through-2.3.8.tgz#0dd4c9ffaabc357960b1b724115d7e0e86a2e1f5"
    integrity sha512-w89qg7PI8wAdvX60bMDP+bFoD5Dvhm9oLheFp5O4a2QF0cSBGsBX4qZmadPMvVqlLJBBci+WqGGOAPvcDeNSVg==
  
  to-fast-properties@^1.0.0:
    version "1.0.3"
    resolved "https://registry.yarnpkg.com/to-fast-properties/-/to-fast-properties-1.0.3.tgz#b83571fa4d8c25b82e231b06e3a3055de4ca1a47"
    integrity sha512-lxrWP8ejsq+7E3nNjwYmUBMAgjMTZoTI+sdBOpvNyijeDLa29LUn9QaoXAHv4+Z578hbmHHJKZknzxVtvo77og==
  
  trim-right@^1.0.0:
    version "1.0.1"
    resolved "https://registry.yarnpkg.com/trim-right/-/trim-right-1.0.1.tgz#cb2e1203067e0c8de1f614094b9fe45704ea6003"
    integrity sha512-WZGXGstmCWgeevgTL54hrCuw1dyMQIzWy7ZfqRJfSmJZBwklI15egmQytFP6bPidmw3M8d5yEowl1niq4vmqZw==
  
  try-resolve@^1.0.0:
    version "1.0.1"
    resolved "https://registry.yarnpkg.com/try-resolve/-/try-resolve-1.0.1.tgz#cfde6fabd72d63e5797cfaab873abbe8e700e912"
    integrity sha512-yHeaPjCBzVaXwWl5IMUapTaTC2rn/eBYg2fsG2L+CvJd+ttFbk0ylDnpTO3wVhosmE1tQEvcebbBeKLCwScQSQ==
  
  tryor@~0.1.2:
    version "0.1.2"
    resolved "https://registry.yarnpkg.com/tryor/-/tryor-0.1.2.tgz#8145e4ca7caff40acde3ccf946e8b8bb75b4172b"
    integrity sha512-2+ilNA00DGvbUYYbRrm3ux+snbo7I6uPXMw8I4p/QMl7HUOWBBZFbk+Mpr8/IAPDQE+LQ8vOdlI6xEzjc+e/BQ==
  
  user-home@^1.1.1:
    version "1.1.1"
    resolved "https://registry.yarnpkg.com/user-home/-/user-home-1.1.1.tgz#2b5be23a32b63a7c9deb8d0f28d485724a3df190"
    integrity sha512-aggiKfEEubv3UwRNqTzLInZpAOmKzwdHqEBmW/hBA/mt99eg+b4VrX6i+IRLxU8+WJYfa33rGwRseg4eElUgsQ==
  
  vlq@^0.2.1:
    version "0.2.3"
    resolved "https://registry.yarnpkg.com/vlq/-/vlq-0.2.3.tgz#8f3e4328cf63b1540c0d67e1b2778386f8975b26"
    integrity sha512-DRibZL6DsNhIgYQ+wNdWDL2SL3bKPlVrRiBqV5yuMm++op8W4kGFtaQfCs4KEJn0wBZcHVHJ3eoywX8983k1ow==
  
  window-size@^0.1.2:
    version "0.1.4"
    resolved "https://registry.yarnpkg.com/window-size/-/window-size-0.1.4.tgz#f8e1aa1ee5a53ec5bf151ffa09742a6ad7697876"
    integrity sha512-2thx4pB0cV3h+Bw7QmMXcEbdmOzv9t0HFplJH/Lz6yu60hXYy5RT8rUu+wlIreVxWsGN20mo+MHeCSfUpQBwPw==
  
  wordwrap@0.0.2:
    version "0.0.2"
    resolved "https://registry.yarnpkg.com/wordwrap/-/wordwrap-0.0.2.tgz#b79669bb42ecb409f83d583cad52ca17eaa1643f"
    integrity sha512-xSBsCeh+g+dinoBv3GAOWM4LcVVO68wLXRanibtBSdUvkGWQRGeE9P7IwU9EmDDi4jA6L44lz15CGMwdw9N5+Q==
  
  wrappy@1:
    version "1.0.2"
    resolved "https://registry.yarnpkg.com/wrappy/-/wrappy-1.0.2.tgz#b5243d8f3ec1aa35f1364605bc0d1036e30ab69f"
    integrity sha512-l4Sp/DRseor9wL6EvV2+TuQn63dMkPjZ/sp9XkghTEbV9KlPS1xUsZ3u7/IQO4wxtcFB4bgpQPRcR3QCvezPcQ==
  
  y18n@^3.2.0:
    version "3.2.2"
    resolved "https://registry.yarnpkg.com/y18n/-/y18n-3.2.2.tgz#85c901bd6470ce71fc4bb723ad209b70f7f28696"
    integrity sha512-uGZHXkHnhF0XeeAPgnKfPv1bgKAYyVvmNL1xlKsPYZPaIHxGti2hHqvOCQv71XMsLxu1QjergkqogUnms5D3YQ==
  
  yargs@~3.27.0:
    version "3.27.0"
    resolved "https://registry.yarnpkg.com/yargs/-/yargs-3.27.0.tgz#21205469316e939131d59f2da0c6d7f98221ea40"
    integrity sha512-6atYjGACjX/OYWico7LwdBx9eiGlkMnIw6OwqfBb+uJQpaT82tQ7oI+BI6Dvq62qZvSbzGzQCVLQdMd59tR2eA==
    dependencies:
      camelcase "^1.2.1"
      cliui "^2.1.0"
      decamelize "^1.0.0"
      os-locale "^1.4.0"
      window-size "^0.1.2"
      y18n "^3.2.0"
